-------------------------------------------------------------------------------
Test set: cucumber.Options.TestRunner
-------------------------------------------------------------------------------
Tests run: 1, Failures: 0, Errors: 1, Skipped: 0, Time elapsed: 0.370 s <<< FAILURE! -- in cucumber.Options.TestRunner
Validating Place API's.Verify if Place is being successfully added using AddPlaceAPI -- Time elapsed: 0.094 s <<< ERROR!
io.cucumber.junit.UndefinedStepException: 
The step 'Add place payload' and 4 other step(s) are undefined.
You can implement these steps using the snippet(s) below:

@Given("Add place payload")
public void add_place_payload() {
    // Write code here that turns the phrase above into concrete actions
    throw new io.cucumber.java.PendingException();
}
@When("user call {string} with Post http request")
public void user_call_with_post_http_request(String string) {
    // Write code here that turns the phrase above into concrete actions
    throw new io.cucumber.java.PendingException();
}
@Then("the api call got success with status code {int}")
public void the_api_call_got_success_with_status_code(Integer int1) {
    // Write code here that turns the phrase above into concrete actions
    throw new io.cucumber.java.PendingException();
}
@Then("{string} in response body  is {string}")
public void in_response_body_is(String string, String string2) {
    // Write code here that turns the phrase above into concrete actions
    throw new io.cucumber.java.PendingException();
}


